#
# There is insufficient memory for the Java Runtime Environment to continue.
# Native memory allocation (malloc) failed to allocate 209120 bytes for Chunk::new
# Possible reasons:
#   The system is out of physical RAM or swap space
#   In 32 bit mode, the process size limit was hit
# Possible solutions:
#   Reduce memory load on the system
#   Increase physical memory or swap space
#   Check if swap backing store is full
#   Use 64 bit Java on a 64 bit OS
#   Decrease Java heap size (-Xmx/-Xms)
#   Decrease number of Java threads
#   Decrease Java thread stack sizes (-Xss)
#   Set larger code cache with -XX:ReservedCodeCacheSize=
# This output file may be truncated or incomplete.
#
#  Out of Memory Error (allocation.cpp:388), pid=5076, tid=4280
#
# JRE version: Java(TM) SE Runtime Environment (8.0_05-b13) (build 1.8.0_05-b13)
# Java VM: Java HotSpot(TM) 64-Bit Server VM (25.5-b02 mixed mode windows-amd64 compressed oops)
# Failed to write core dump. Minidumps are not enabled by default on client versions of Windows
#

---------------  T H R E A D  ---------------

Current thread (0x0000000054cca800):  JavaThread "Unknown thread" [_thread_in_native, id=4280, stack(0x0000000056960000,0x0000000056a60000)]

Stack: [0x0000000056960000,0x0000000056a60000]
Native frames: (J=compiled Java code, j=interpreted, Vv=VM code, C=native code)
V  [jvm.dll+0x308dea]


Current CompileTask:
C2:   3204  721       4       java.io.WinNTFileSystem::normalize (143 bytes)


---------------  P R O C E S S  ---------------

Java Threads: ( => current thread )
  0x0000000055f51800 JavaThread "Service Thread" daemon [_thread_blocked, id=980, stack(0x0000000056cb0000,0x0000000056db0000)]
  0x0000000054ccd000 JavaThread "C1 CompilerThread2" daemon [_thread_blocked, id=6680, stack(0x0000000056ae0000,0x0000000056be0000)]
=>0x0000000054cca800 JavaThread "C2 CompilerThread1" daemon [_thread_in_native, id=4280, stack(0x0000000056960000,0x0000000056a60000)]
  0x0000000054cc8000 JavaThread "C2 CompilerThread0" daemon [_thread_blocked, id=4516, stack(0x0000000056750000,0x0000000056850000)]
  0x0000000055eca800 JavaThread "Attach Listener" daemon [_thread_blocked, id=6348, stack(0x00000000565b0000,0x00000000566b0000)]
  0x0000000055ec9800 JavaThread "Signal Dispatcher" daemon [_thread_blocked, id=4092, stack(0x0000000056440000,0x0000000056540000)]
  0x0000000054c62800 JavaThread "Finalizer" daemon [_thread_blocked, id=3480, stack(0x0000000055b10000,0x0000000055c10000)]
  0x0000000054c5d800 JavaThread "Reference Handler" daemon [_thread_blocked, id=5988, stack(0x0000000055dc0000,0x0000000055ec0000)]
  0x0000000001e3a800 JavaThread "main" [_thread_blocked, id=6716, stack(0x0000000001f30000,0x0000000002030000)]

Other Threads:
  0x0000000054c5a000 VMThread [stack: 0x0000000055c70000,0x0000000055d70000] [id=4600]
  0x0000000055f74800 WatcherThread [stack: 0x0000000056df0000,0x0000000056ef0000] [id=6308]

VM state:at safepoint (normal execution)

VM Mutex/Monitor currently owned by a thread:  ([mutex/lock_event])
[0x0000000001e38800] Threads_lock - owner thread: 0x0000000054c5a000
[0x0000000001e38d00] Heap_lock - owner thread: 0x0000000001e3a800

Heap:
 PSYoungGen      total 13824K, used 685K [0x00000000eb300000, 0x00000000ec280000, 0x0000000100000000)
  eden space 11776K, 0% used [0x00000000eb300000,0x00000000eb300000,0x00000000ebe80000)
  from space 2048K, 33% used [0x00000000ec080000,0x00000000ec12b638,0x00000000ec280000)
  to   space 2048K, 0% used [0x00000000ebe80000,0x00000000ebe80000,0x00000000ec080000)
 ParOldGen       total 64000K, used 2278K [0x00000000c1800000, 0x00000000c5680000, 0x00000000eb300000)
  object space 64000K, 3% used [0x00000000c1800000,0x00000000c1a39960,0x00000000c5680000)
 Metaspace       used 8354K, capacity 8472K, committed 8576K, reserved 1060864K
  class space    used 1007K, capacity 1054K, committed 1152K, reserved 1048576K

Card table byte_map: [0x00000000116c0000,0x00000000118c0000] byte_map_base: 0x00000000110b4000

Marking Bits: (ParMarkBitMap*) 0x000000006f5513b0
 Begin Bits: [0x0000000012190000, 0x0000000013130000)
 End Bits:   [0x0000000013130000, 0x00000000140d0000)

Polling page: 0x0000000000210000

CodeCache: size=245760Kb used=2855Kb max_used=2855Kb free=242904Kb
 bounds [0x0000000002300000, 0x00000000025d0000, 0x0000000011300000]
 total_blobs=1021 nmethods=724 adapters=211
 compilation: enabled

Compilation events (10 events):
Event: 3.023 Thread 0x0000000054cca800  721       4       java.io.WinNTFileSystem::normalize (143 bytes)
Event: 3.028 Thread 0x0000000054cc8000 nmethod 718 0x00000000025c83d0 code [0x00000000025c8520, 0x00000000025c8758]
Event: 3.039 Thread 0x0000000054ccd000  722       3       sun.misc.JarIndex::get (49 bytes)
Event: 3.041 Thread 0x0000000054ccd000 nmethod 722 0x00000000025c7690 code [0x00000000025c7860, 0x00000000025c8098]
Event: 3.102 Thread 0x0000000054ccd000  723       3       java.util.zip.ZipFile$ZipFileInputStream::finalize (5 bytes)
Event: 3.103 Thread 0x0000000054ccd000 nmethod 723 0x00000000025c7310 code [0x00000000025c7480, 0x00000000025c7608]
Event: 3.103 Thread 0x0000000054ccd000  724       3       java.util.zip.ZipFile$ZipFileInflaterInputStream::finalize (5 bytes)
Event: 3.103 Thread 0x0000000054ccd000 nmethod 724 0x00000000025c6f90 code [0x00000000025c7100, 0x00000000025c7288]
Event: 3.114 Thread 0x0000000054ccd000  725   !   3       sun.misc.URLClassPath$JarLoader::getResource (349 bytes)
Event: 3.124 Thread 0x0000000054ccd000 nmethod 725 0x00000000025c8990 code [0x00000000025c8de0, 0x00000000025cadc8]

GC Heap History (10 events):
Event: 1.726 GC heap after
Heap after GC invocations=5 (full 0):
 PSYoungGen      total 2560K, used 512K [0x00000000eb300000, 0x00000000eb900000, 0x0000000100000000)
  eden space 2048K, 0% used [0x00000000eb300000,0x00000000eb300000,0x00000000eb500000)
  from space 512K, 100% used [0x00000000eb500000,0x00000000eb580000,0x00000000eb580000)
  to   space 1024K, 0% used [0x00000000eb800000,0x00000000eb800000,0x00000000eb900000)
 ParOldGen       total 64000K, used 915K [0x00000000c1800000, 0x00000000c5680000, 0x00000000eb300000)
  object space 64000K, 1% used [0x00000000c1800000,0x00000000c18e4fe8,0x00000000c5680000)
 Metaspace       used 3387K, capacity 4848K, committed 5120K, reserved 1056768K
  class space    used 367K, capacity 424K, committed 512K, reserved 1048576K
}
Event: 2.008 GC heap before
{Heap before GC invocations=6 (full 0):
 PSYoungGen      total 2560K, used 2560K [0x00000000eb300000, 0x00000000eb900000, 0x0000000100000000)
  eden space 2048K, 100% used [0x00000000eb300000,0x00000000eb500000,0x00000000eb500000)
  from space 512K, 100% used [0x00000000eb500000,0x00000000eb580000,0x00000000eb580000)
  to   space 1024K, 0% used [0x00000000eb800000,0x00000000eb800000,0x00000000eb900000)
 ParOldGen       total 64000K, used 915K [0x00000000c1800000, 0x00000000c5680000, 0x00000000eb300000)
  object space 64000K, 1% used [0x00000000c1800000,0x00000000c18e4fe8,0x00000000c5680000)
 Metaspace       used 4336K, capacity 5144K, committed 5504K, reserved 1056768K
  class space    used 491K, capacity 528K, committed 640K, reserved 1048576K
Event: 2.012 GC heap after
Heap after GC invocations=6 (full 0):
 PSYoungGen      total 4608K, used 961K [0x00000000eb300000, 0x00000000eba00000, 0x0000000100000000)
  eden space 3584K, 0% used [0x00000000eb300000,0x00000000eb300000,0x00000000eb680000)
  from space 1024K, 93% used [0x00000000eb800000,0x00000000eb8f0490,0x00000000eb900000)
  to   space 1536K, 0% used [0x00000000eb680000,0x00000000eb680000,0x00000000eb800000)
 ParOldGen       total 64000K, used 923K [0x00000000c1800000, 0x00000000c5680000, 0x00000000eb300000)
  object space 64000K, 1% used [0x00000000c1800000,0x00000000c18e6fe8,0x00000000c5680000)
 Metaspace       used 4336K, capacity 5144K, committed 5504K, reserved 1056768K
  class space    used 491K, capacity 528K, committed 640K, reserved 1048576K
}
Event: 2.394 GC heap before
{Heap before GC invocations=7 (full 0):
 PSYoungGen      total 4608K, used 4545K [0x00000000eb300000, 0x00000000eba00000, 0x0000000100000000)
  eden space 3584K, 100% used [0x00000000eb300000,0x00000000eb680000,0x00000000eb680000)
  from space 1024K, 93% used [0x00000000eb800000,0x00000000eb8f0490,0x00000000eb900000)
  to   space 1536K, 0% used [0x00000000eb680000,0x00000000eb680000,0x00000000eb800000)
 ParOldGen       total 64000K, used 923K [0x00000000c1800000, 0x00000000c5680000, 0x00000000eb300000)
  object space 64000K, 1% used [0x00000000c1800000,0x00000000c18e6fe8,0x00000000c5680000)
 Metaspace       used 5559K, capacity 5688K, committed 5888K, reserved 1056768K
  class space    used 652K, capacity 688K, committed 768K, reserved 1048576K
Event: 2.398 GC heap after
Heap after GC invocations=7 (full 0):
 PSYoungGen      total 5120K, used 944K [0x00000000eb300000, 0x00000000ebd00000, 0x0000000100000000)
  eden space 3584K, 0% used [0x00000000eb300000,0x00000000eb300000,0x00000000eb680000)
  from space 1536K, 61% used [0x00000000eb680000,0x00000000eb76c010,0x00000000eb800000)
  to   space 1536K, 0% used [0x00000000ebb80000,0x00000000ebb80000,0x00000000ebd00000)
 ParOldGen       total 64000K, used 1293K [0x00000000c1800000, 0x00000000c5680000, 0x00000000eb300000)
  object space 64000K, 2% used [0x00000000c1800000,0x00000000c19434c8,0x00000000c5680000)
 Metaspace       used 5559K, capacity 5688K, committed 5888K, reserved 1056768K
  class space    used 652K, capacity 688K, committed 768K, reserved 1048576K
}
Event: 2.620 GC heap before
{Heap before GC invocations=8 (full 0):
 PSYoungGen      total 5120K, used 4528K [0x00000000eb300000, 0x00000000ebd00000, 0x0000000100000000)
  eden space 3584K, 100% used [0x00000000eb300000,0x00000000eb680000,0x00000000eb680000)
  from space 1536K, 61% used [0x00000000eb680000,0x00000000eb76c010,0x00000000eb800000)
  to   space 1536K, 0% used [0x00000000ebb80000,0x00000000ebb80000,0x00000000ebd00000)
 ParOldGen       total 64000K, used 1293K [0x00000000c1800000, 0x00000000c5680000, 0x00000000eb300000)
  object space 64000K, 2% used [0x00000000c1800000,0x00000000c19434c8,0x00000000c5680000)
 Metaspace       used 6655K, capacity 6820K, committed 7040K, reserved 1056768K
  class space    used 803K, capacity 852K, committed 896K, reserved 1048576K
Event: 2.629 GC heap after
Heap after GC invocations=8 (full 0):
 PSYoungGen      total 8704K, used 1120K [0x00000000eb300000, 0x00000000ebd00000, 0x0000000100000000)
  eden space 7168K, 0% used [0x00000000eb300000,0x00000000eb300000,0x00000000eba00000)
  from space 1536K, 72% used [0x00000000ebb80000,0x00000000ebc98000,0x00000000ebd00000)
  to   space 1536K, 0% used [0x00000000eba00000,0x00000000eba00000,0x00000000ebb80000)
 ParOldGen       total 64000K, used 1405K [0x00000000c1800000, 0x00000000c5680000, 0x00000000eb300000)
  object space 64000K, 2% used [0x00000000c1800000,0x00000000c195f4c8,0x00000000c5680000)
 Metaspace       used 6655K, capacity 6820K, committed 7040K, reserved 1056768K
  class space    used 803K, capacity 852K, committed 896K, reserved 1048576K
}
Event: 3.042 GC heap before
{Heap before GC invocations=9 (full 0):
 PSYoungGen      total 8704K, used 8288K [0x00000000eb300000, 0x00000000ebd00000, 0x0000000100000000)
  eden space 7168K, 100% used [0x00000000eb300000,0x00000000eba00000,0x00000000eba00000)
  from space 1536K, 72% used [0x00000000ebb80000,0x00000000ebc98000,0x00000000ebd00000)
  to   space 1536K, 0% used [0x00000000eba00000,0x00000000eba00000,0x00000000ebb80000)
 ParOldGen       total 64000K, used 1405K [0x00000000c1800000, 0x00000000c5680000, 0x00000000eb300000)
  object space 64000K, 2% used [0x00000000c1800000,0x00000000c195f4c8,0x00000000c5680000)
 Metaspace       used 8245K, capacity 8408K, committed 8576K, reserved 1056768K
  class space    used 997K, capacity 1054K, committed 1152K, reserved 1048576K
Event: 3.100 GC heap after
Heap after GC invocations=9 (full 0):
 PSYoungGen      total 8704K, used 1520K [0x00000000eb300000, 0x00000000ec280000, 0x0000000100000000)
  eden space 7168K, 0% used [0x00000000eb300000,0x00000000eb300000,0x00000000eba00000)
  from space 1536K, 99% used [0x00000000eba00000,0x00000000ebb7c3b0,0x00000000ebb80000)
  to   space 2048K, 0% used [0x00000000ec080000,0x00000000ec080000,0x00000000ec280000)
 ParOldGen       total 64000K, used 1709K [0x00000000c1800000, 0x00000000c5680000, 0x00000000eb300000)
  object space 64000K, 2% used [0x00000000c1800000,0x00000000c19ab5e8,0x00000000c5680000)
 Metaspace       used 8245K, capacity 8408K, committed 8576K, reserved 1056768K
  class space    used 997K, capacity 1054K, committed 1152K, reserved 1048576K
}
Event: 3.143 GC heap before
{Heap before GC invocations=10 (full 0):
 PSYoungGen      total 8704K, used 2360K [0x00000000eb300000, 0x00000000ec280000, 0x0000000100000000)
  eden space 7168K, 11% used [0x00000000eb300000,0x00000000eb3d1e20,0x00000000eba00000)
  from space 1536K, 99% used [0x00000000eba00000,0x00000000ebb7c3b0,0x00000000ebb80000)
  to   space 2048K, 0% used [0x00000000ec080000,0x00000000ec080000,0x00000000ec280000)
 ParOldGen       total 64000K, used 1709K [0x00000000c1800000, 0x00000000c5680000, 0x00000000eb300000)
  object space 64000K, 2% used [0x00000000c1800000,0x00000000c19ab5e8,0x00000000c5680000)
 Metaspace       used 8354K, capacity 8472K, committed 8576K, reserved 1060864K
  class space    used 1007K, capacity 1054K, committed 1152K, reserved 1048576K

Deoptimization events (0 events):
No events

Internal exceptions (10 events):
Event: 3.120 Thread 0x0000000001e3a800 Exception <a 'java/security/PrivilegedActionException'> (0x00000000eb337c58) thrown at [D:\re\workspace\8-2-build-windows-amd64-cygwin\jdk8u5\2488\hotspot\src\share\vm\prims\jvm.cpp, line 1248]
Event: 3.122 Thread 0x0000000001e3a800 Exception <a 'java/security/PrivilegedActionException'> (0x00000000eb3416a8) thrown at [D:\re\workspace\8-2-build-windows-amd64-cygwin\jdk8u5\2488\hotspot\src\share\vm\prims\jvm.cpp, line 1248]
Event: 3.125 Thread 0x0000000001e3a800 Exception <a 'java/security/PrivilegedActionException'> (0x00000000eb34b988) thrown at [D:\re\workspace\8-2-build-windows-amd64-cygwin\jdk8u5\2488\hotspot\src\share\vm\prims\jvm.cpp, line 1248]
Event: 3.127 Thread 0x0000000001e3a800 Exception <a 'java/security/PrivilegedActionException'> (0x00000000eb3544f8) thrown at [D:\re\workspace\8-2-build-windows-amd64-cygwin\jdk8u5\2488\hotspot\src\share\vm\prims\jvm.cpp, line 1248]
Event: 3.129 Thread 0x0000000001e3a800 Exception <a 'java/security/PrivilegedActionException'> (0x00000000eb35e278) thrown at [D:\re\workspace\8-2-build-windows-amd64-cygwin\jdk8u5\2488\hotspot\src\share\vm\prims\jvm.cpp, line 1248]
Event: 3.132 Thread 0x0000000001e3a800 Exception <a 'java/security/PrivilegedActionException'> (0x00000000eb36c2e0) thrown at [D:\re\workspace\8-2-build-windows-amd64-cygwin\jdk8u5\2488\hotspot\src\share\vm\prims\jvm.cpp, line 1248]
Event: 3.135 Thread 0x0000000001e3a800 Exception <a 'java/security/PrivilegedActionException'> (0x00000000eb37cf58) thrown at [D:\re\workspace\8-2-build-windows-amd64-cygwin\jdk8u5\2488\hotspot\src\share\vm\prims\jvm.cpp, line 1248]
Event: 3.136 Thread 0x0000000001e3a800 Exception <a 'java/security/PrivilegedActionException'> (0x00000000eb38ce28) thrown at [D:\re\workspace\8-2-build-windows-amd64-cygwin\jdk8u5\2488\hotspot\src\share\vm\prims\jvm.cpp, line 1248]
Event: 3.137 Thread 0x0000000001e3a800 Exception <a 'java/security/PrivilegedActionException'> (0x00000000eb393510) thrown at [D:\re\workspace\8-2-build-windows-amd64-cygwin\jdk8u5\2488\hotspot\src\share\vm\prims\jvm.cpp, line 1248]
Event: 3.141 Thread 0x0000000001e3a800 Exception <a 'java/security/PrivilegedActionException'> (0x00000000eb3b0918) thrown at [D:\re\workspace\8-2-build-windows-amd64-cygwin\jdk8u5\2488\hotspot\src\share\vm\prims\jvm.cpp, line 1248]

Events (10 events):
Event: 3.132 loading class org/springframework/boot/context/config/DelegatingApplicationListener done
Event: 3.134 loading class org/springframework/boot/context/logging/ClasspathLoggingApplicationListener
Event: 3.134 loading class org/springframework/boot/context/logging/ClasspathLoggingApplicationListener done
Event: 3.136 loading class org/springframework/context/event/GenericApplicationListener
Event: 3.136 loading class org/springframework/context/event/GenericApplicationListener done
Event: 3.137 loading class org/springframework/boot/context/logging/LoggingApplicationListener
Event: 3.137 loading class org/springframework/boot/context/logging/LoggingApplicationListener done
Event: 3.141 loading class org/springframework/boot/context/properties/source/ConfigurationPropertyName
Event: 3.141 loading class org/springframework/boot/context/properties/source/ConfigurationPropertyName done
Event: 3.143 Executing VM operation: CollectForMetadataAllocation


Dynamic libraries:
0x000000013fc10000 - 0x000000013fc44000 	C:\Program Files\Java\jdk1.8.0_05\jre\bin\java.exe
0x0000000077c50000 - 0x0000000077def000 	C:\Windows\SYSTEM32\ntdll.dll
0x0000000077b30000 - 0x0000000077c4f000 	C:\Windows\system32\kernel32.dll
0x000007fefd910000 - 0x000007fefd97a000 	C:\Windows\system32\KERNELBASE.dll
0x000007feffde0000 - 0x000007feffebb000 	C:\Windows\system32\ADVAPI32.dll
0x000007fefe690000 - 0x000007fefe72f000 	C:\Windows\system32\msvcrt.dll
0x000007fefe990000 - 0x000007fefe9af000 	C:\Windows\SYSTEM32\sechost.dll
0x000007fefe0b0000 - 0x000007fefe1dc000 	C:\Windows\system32\RPCRT4.dll
0x0000000077a30000 - 0x0000000077b2a000 	C:\Windows\system32\USER32.dll
0x000007fefe2f0000 - 0x000007fefe357000 	C:\Windows\system32\GDI32.dll
0x000007fefe360000 - 0x000007fefe36e000 	C:\Windows\system32\LPK.dll
0x000007fefe220000 - 0x000007fefe2eb000 	C:\Windows\system32\USP10.dll
0x000007fefc370000 - 0x000007fefc565000 	C:\Windows\WinSxS\amd64_microsoft.windows.common-controls_6595b64144ccf1df_6.0.7601.24380_none_e3731d0b30fb6b11\COMCTL32.dll
0x000007feffec0000 - 0x000007fefff31000 	C:\Windows\system32\SHLWAPI.dll
0x000007fefe1e0000 - 0x000007fefe20e000 	C:\Windows\system32\IMM32.DLL
0x000007feffa60000 - 0x000007feffb69000 	C:\Windows\system32\MSCTF.dll
0x000000006f5d0000 - 0x000000006f6a2000 	C:\Program Files\Java\jdk1.8.0_05\jre\bin\msvcr100.dll
0x000000006eda0000 - 0x000000006f5ca000 	C:\Program Files\Java\jdk1.8.0_05\jre\bin\server\jvm.dll
0x000007fefa100000 - 0x000007fefa109000 	C:\Windows\system32\WSOCK32.dll
0x000007fefe9b0000 - 0x000007fefe9fd000 	C:\Windows\system32\WS2_32.dll
0x000007fefe210000 - 0x000007fefe218000 	C:\Windows\system32\NSI.dll
0x000007fefb8b0000 - 0x000007fefb8eb000 	C:\Windows\system32\WINMM.dll
0x0000000077e00000 - 0x0000000077e07000 	C:\Windows\system32\PSAPI.DLL
0x00000000751f0000 - 0x00000000751ff000 	C:\Program Files\Java\jdk1.8.0_05\jre\bin\verify.dll
0x0000000072c30000 - 0x0000000072c58000 	C:\Program Files\Java\jdk1.8.0_05\jre\bin\java.dll
0x0000000072c10000 - 0x0000000072c26000 	C:\Program Files\Java\jdk1.8.0_05\jre\bin\zip.dll
0x000007fefea00000 - 0x000007feff78a000 	C:\Windows\system32\SHELL32.dll
0x000007fefe730000 - 0x000007fefe92f000 	C:\Windows\system32\ole32.dll
0x000007fefd7b0000 - 0x000007fefd7bf000 	C:\Windows\system32\profapi.dll

VM Arguments:
java_command: fr.unice.qna.SampleWebUiApplication
java_class_path (initial): D:\qna\target\classes;C:\Users\user\.m2\repository\com\h2database\h2\1.4.197\h2-1.4.197.jar;C:\Users\user\.m2\repository\org\springframework\boot\spring-boot-starter-data-jpa\2.1.3.RELEASE\spring-boot-starter-data-jpa-2.1.3.RELEASE.jar;C:\Users\user\.m2\repository\org\springframework\boot\spring-boot-starter-aop\2.1.3.RELEASE\spring-boot-starter-aop-2.1.3.RELEASE.jar;C:\Users\user\.m2\repository\org\springframework\spring-aop\5.1.5.RELEASE\spring-aop-5.1.5.RELEASE.jar;C:\Users\user\.m2\repository\org\aspectj\aspectjweaver\1.9.2\aspectjweaver-1.9.2.jar;C:\Users\user\.m2\repository\org\springframework\boot\spring-boot-starter-jdbc\2.1.3.RELEASE\spring-boot-starter-jdbc-2.1.3.RELEASE.jar;C:\Users\user\.m2\repository\com\zaxxer\HikariCP\3.2.0\HikariCP-3.2.0.jar;C:\Users\user\.m2\repository\org\springframework\spring-jdbc\5.1.5.RELEASE\spring-jdbc-5.1.5.RELEASE.jar;C:\Users\user\.m2\repository\javax\transaction\javax.transaction-api\1.3\javax.transaction-api-1.3.jar;C:\Users\user\.m2\repository\javax\xml\bind\jaxb-api\2.3.1\jaxb-api-2.3.1.jar;C:\Users\user\.m2\repository\javax\activation\javax.activation-api\1.2.0\javax.activation-api-1.2.0.jar;C:\Users\user\.m2\repository\org\hibernate\hibernate-core\5.3.7.Final\hibernate-core-5.3.7.Final.jar;C:\Users\user\.m2\repository\javax\persistence\javax.persistence-api\2.2\javax.persistence-api-2.2.jar;C:\Users\user\.m2\repository\org\javassist\javassist\3.23.1-GA\javassist-3.23.1-GA.jar;C:\Users\user\.m2\repository\net\bytebuddy\byte-buddy\1.9.10\byte-buddy-1.9.10.jar;C:\Users\user\.m2\repository\antlr\antlr\2.7.7\antlr-2.7.7.jar;C:\Users\user\.m2\repository\org\jboss\jandex\2.0.5.Final\jandex-2.0.5.Final.jar;C:\Users\user\.m2\repository\org\dom4j\dom4j\2.1.1\dom4j-2.1.1.jar;C:\Users\user\.m2\repository\org\hibernate\common\hibernate-commons-annotations\5.0.4.Final\hibernate-commons-annotations-5.0.4.Final.jar;C:\Users\user\.m2\repository\org\springframework\data\spring-data-jpa\2.1.5.RELEASE\spring
Launcher Type: SUN_STANDARD

Environment Variables:
JAVA_HOME=C:\Program Files\Java\jdk1.8.0_05
PATH=D:\app\user\product\11.2.0\dbhome_1\bin;C:\Program Files (x86)\iis express\PHP\v5.4;C:\Windows\system32;C:\Windows;C:\Windows\System32\Wbem;C:\Windows\system;C:\Windows\System32\WindowsPowerShell\v1.0\;C:\Program Files\Intel\WiFi\bin\;C:\Program Files\Common Files\Intel\WirelessCommon\;C:\Users\user\AppData\Roaming\Composer\vendor\bin;C:\Program Files (x86)\Windows Kits\8.1\Windows Performance Toolkit\;C:\Program Files\Microsoft SQL Server\110\Tools\Binn\;C:\Program Files\nodejs\A?;C:\Program Files (x86)\Skype\Phone\;D:\;C:\Program Files\Git\cmd;C:\Program Files\Intel\WiFi\bin\;C:\Program Files\Common Files\Intel\WirelessCommon\;C:\Program Files\Java\jdk1.8.0_05\bin;C:\Python34;C:\Program Files (x86)\PICT;D:\apache-maven-3.5.0\bin;C:\MinGW\bin;C:\Program Files\R\R-3.2.4revised\bin;C:\Program Files\MongoDB\Server\3.2\bin;D:\grails-2.5.5\bin;C:\Users\user\AppData\Roaming\npm;D:\glassfish5\bin;D:\curl-7.60.0-win64-mingw\curl-7.60.0-win64-mingw\bin;D:\R\R-3.5.1\bin
USERNAME=user
OS=Windows_NT
PROCESSOR_IDENTIFIER=Intel64 Family 6 Model 42 Stepping 7, GenuineIntel



---------------  S Y S T E M  ---------------

OS: Windows 7 , 64 bit Build 7601 Service Pack 1

CPU:total 4 (2 cores per cpu, 2 threads per core) family 6 model 42 stepping 7, cmov, cx8, fxsr, mmx, sse, sse2, sse3, ssse3, sse4.1, sse4.2, popcnt, avx, aes, clmul, ht, tsc, tscinvbit

Memory: 4k page, physical 4088764k(523804k free), swap 4086864k(5084k free)

vm_info: Java HotSpot(TM) 64-Bit Server VM (25.5-b02) for windows-amd64 JRE (1.8.0_05-b13), built on Mar 18 2014 01:08:39 by "java_re" with MS VC++ 10.0 (VS2010)

time: Fri Apr 05 23:07:17 2019
elapsed time: 3 seconds

